<?xml version="1.0" encoding="UTF-8"?>
<!-- Generated by org.testng.reporters.JUnitXMLReporter -->
<testsuite ignored="0" hostname="DESKTOP-S5NN8IV" failures="0" tests="9" name="Test" time="0.069" errors="0" timestamp="18 Jul 2024 11:54:04 GMT">
  <testcase classname="SupriyaBhosale.TestComponent.BaseTest" name="@BeforeMethod lunchApplication" time="0.004">
    <failure type="java.io.FileNotFoundException" message="C:\Users\hp\eclipse-workspace\SeleniumProjectEcommerace\src\test\java\SupriyaBhosale\resources\GlobalData.properties (The system cannot find the path specified)">
      <![CDATA[java.io.FileNotFoundException: C:\Users\hp\eclipse-workspace\SeleniumProjectEcommerace\src\test\java\SupriyaBhosale\resources\GlobalData.properties (The system cannot find the path specified)
at java.base/java.io.FileInputStream.open0(Native Method)
at java.base/java.io.FileInputStream.open(FileInputStream.java:216)
at java.base/java.io.FileInputStream.<init>(FileInputStream.java:157)
at java.base/java.io.FileInputStream.<init>(FileInputStream.java:111)
at SupriyaBhosale.TestComponent.BaseTest.initalizeDriver(BaseTest.java:38)
at SupriyaBhosale.TestComponent.BaseTest.lunchApplication(BaseTest.java:81)
... Removed 28 stack frames]]>
    </failure>
  </testcase> <!-- @BeforeMethod lunchApplication -->
  <testcase classname="SupriyaBhosale.TestComponent.BaseTest" name="@AfterMethod tearDown" time="0.0">
    <failure type="java.lang.NullPointerException" message="Cannot invoke &amp;quot;org.openqa.selenium.WebDriver.close()&amp;quot; because &amp;quot;this.driver&amp;quot; is null">
      <![CDATA[java.lang.NullPointerException: Cannot invoke "org.openqa.selenium.WebDriver.close()" because "this.driver" is null
at SupriyaBhosale.TestComponent.BaseTest.tearDown(BaseTest.java:92)
... Removed 28 stack frames]]>
    </failure>
  </testcase> <!-- @AfterMethod tearDown -->
  <testcase classname="SupriyaBhosale.TestComponent.BaseTest" name="@BeforeMethod lunchApplication" time="0.0">
    <failure type="java.io.FileNotFoundException" message="C:\Users\hp\eclipse-workspace\SeleniumProjectEcommerace\src\test\java\SupriyaBhosale\resources\GlobalData.properties (The system cannot find the path specified)">
      <![CDATA[java.io.FileNotFoundException: C:\Users\hp\eclipse-workspace\SeleniumProjectEcommerace\src\test\java\SupriyaBhosale\resources\GlobalData.properties (The system cannot find the path specified)
at java.base/java.io.FileInputStream.open0(Native Method)
at java.base/java.io.FileInputStream.open(FileInputStream.java:216)
at java.base/java.io.FileInputStream.<init>(FileInputStream.java:157)
at java.base/java.io.FileInputStream.<init>(FileInputStream.java:111)
at SupriyaBhosale.TestComponent.BaseTest.initalizeDriver(BaseTest.java:38)
at SupriyaBhosale.TestComponent.BaseTest.lunchApplication(BaseTest.java:81)
... Removed 28 stack frames]]>
    </failure>
  </testcase> <!-- @BeforeMethod lunchApplication -->
  <testcase classname="SupriyaBhosale.TestComponent.BaseTest" name="@AfterMethod tearDown" time="0.0">
    <failure type="java.lang.NullPointerException" message="Cannot invoke &amp;quot;org.openqa.selenium.WebDriver.close()&amp;quot; because &amp;quot;this.driver&amp;quot; is null">
      <![CDATA[java.lang.NullPointerException: Cannot invoke "org.openqa.selenium.WebDriver.close()" because "this.driver" is null
at SupriyaBhosale.TestComponent.BaseTest.tearDown(BaseTest.java:92)
... Removed 28 stack frames]]>
    </failure>
  </testcase> <!-- @AfterMethod tearDown -->
  <testcase classname="SupriyaBhosale.TestComponent.BaseTest" name="@BeforeMethod lunchApplication" time="0.001">
    <failure type="java.io.FileNotFoundException" message="C:\Users\hp\eclipse-workspace\SeleniumProjectEcommerace\src\test\java\SupriyaBhosale\resources\GlobalData.properties (The system cannot find the path specified)">
      <![CDATA[java.io.FileNotFoundException: C:\Users\hp\eclipse-workspace\SeleniumProjectEcommerace\src\test\java\SupriyaBhosale\resources\GlobalData.properties (The system cannot find the path specified)
at java.base/java.io.FileInputStream.open0(Native Method)
at java.base/java.io.FileInputStream.open(FileInputStream.java:216)
at java.base/java.io.FileInputStream.<init>(FileInputStream.java:157)
at java.base/java.io.FileInputStream.<init>(FileInputStream.java:111)
at SupriyaBhosale.TestComponent.BaseTest.initalizeDriver(BaseTest.java:38)
at SupriyaBhosale.TestComponent.BaseTest.lunchApplication(BaseTest.java:81)
... Removed 28 stack frames]]>
    </failure>
  </testcase> <!-- @BeforeMethod lunchApplication -->
  <testcase classname="SupriyaBhosale.TestComponent.BaseTest" name="@AfterMethod tearDown" time="0.0">
    <failure type="java.lang.NullPointerException" message="Cannot invoke &amp;quot;org.openqa.selenium.WebDriver.close()&amp;quot; because &amp;quot;this.driver&amp;quot; is null">
      <![CDATA[java.lang.NullPointerException: Cannot invoke "org.openqa.selenium.WebDriver.close()" because "this.driver" is null
at SupriyaBhosale.TestComponent.BaseTest.tearDown(BaseTest.java:92)
... Removed 28 stack frames]]>
    </failure>
  </testcase> <!-- @AfterMethod tearDown -->
  <testcase classname="SupriyaBhosale.TestComponent.BaseTest" name="@BeforeMethod lunchApplication" time="0.001">
    <failure type="java.io.FileNotFoundException" message="C:\Users\hp\eclipse-workspace\SeleniumProjectEcommerace\src\test\java\SupriyaBhosale\resources\GlobalData.properties (The system cannot find the path specified)">
      <![CDATA[java.io.FileNotFoundException: C:\Users\hp\eclipse-workspace\SeleniumProjectEcommerace\src\test\java\SupriyaBhosale\resources\GlobalData.properties (The system cannot find the path specified)
at java.base/java.io.FileInputStream.open0(Native Method)
at java.base/java.io.FileInputStream.open(FileInputStream.java:216)
at java.base/java.io.FileInputStream.<init>(FileInputStream.java:157)
at java.base/java.io.FileInputStream.<init>(FileInputStream.java:111)
at SupriyaBhosale.TestComponent.BaseTest.initalizeDriver(BaseTest.java:38)
at SupriyaBhosale.TestComponent.BaseTest.lunchApplication(BaseTest.java:81)
... Removed 28 stack frames]]>
    </failure>
  </testcase> <!-- @BeforeMethod lunchApplication -->
  <testcase classname="SupriyaBhosale.TestComponent.BaseTest" name="@AfterMethod tearDown" time="0.0">
    <failure type="java.lang.NullPointerException" message="Cannot invoke &amp;quot;org.openqa.selenium.WebDriver.close()&amp;quot; because &amp;quot;this.driver&amp;quot; is null">
      <![CDATA[java.lang.NullPointerException: Cannot invoke "org.openqa.selenium.WebDriver.close()" because "this.driver" is null
at SupriyaBhosale.TestComponent.BaseTest.tearDown(BaseTest.java:92)
... Removed 28 stack frames]]>
    </failure>
  </testcase> <!-- @AfterMethod tearDown -->
  <testcase classname="SupriyaBhosale.TestComponent.BaseTest" name="@BeforeMethod lunchApplication" time="0.0">
    <failure type="java.io.FileNotFoundException" message="C:\Users\hp\eclipse-workspace\SeleniumProjectEcommerace\src\test\java\SupriyaBhosale\resources\GlobalData.properties (The system cannot find the path specified)">
      <![CDATA[java.io.FileNotFoundException: C:\Users\hp\eclipse-workspace\SeleniumProjectEcommerace\src\test\java\SupriyaBhosale\resources\GlobalData.properties (The system cannot find the path specified)
at java.base/java.io.FileInputStream.open0(Native Method)
at java.base/java.io.FileInputStream.open(FileInputStream.java:216)
at java.base/java.io.FileInputStream.<init>(FileInputStream.java:157)
at java.base/java.io.FileInputStream.<init>(FileInputStream.java:111)
at SupriyaBhosale.TestComponent.BaseTest.initalizeDriver(BaseTest.java:38)
at SupriyaBhosale.TestComponent.BaseTest.lunchApplication(BaseTest.java:81)
... Removed 28 stack frames]]>
    </failure>
  </testcase> <!-- @BeforeMethod lunchApplication -->
  <testcase classname="SupriyaBhosale.TestComponent.BaseTest" name="@AfterMethod tearDown" time="0.0">
    <failure type="java.lang.NullPointerException" message="Cannot invoke &amp;quot;org.openqa.selenium.WebDriver.close()&amp;quot; because &amp;quot;this.driver&amp;quot; is null">
      <![CDATA[java.lang.NullPointerException: Cannot invoke "org.openqa.selenium.WebDriver.close()" because "this.driver" is null
at SupriyaBhosale.TestComponent.BaseTest.tearDown(BaseTest.java:92)
... Removed 28 stack frames]]>
    </failure>
  </testcase> <!-- @AfterMethod tearDown -->
  <testcase classname="SupriyaBhosale.SeleniumProjectEcommerace.ErrorValidation" name="loginErroValidation" time="0.0">
    <skipped/>
  </testcase> <!-- loginErroValidation -->
  <testcase classname="SupriyaBhosale.SeleniumProjectEcommerace.ErrorValidation" name="productErrorValidation" time="0.0">
    <skipped/>
  </testcase> <!-- productErrorValidation -->
  <testcase classname="SupriyaBhosale.SeleniumProjectEcommerace.StandAloneTest" name="StandAlone" time="0.0">
    <skipped/>
  </testcase> <!-- StandAlone -->
  <testcase classname="SupriyaBhosale.SeleniumProjectEcommerace.StandAloneTest" name="OrderHistoryTest" time="0.0">
    <skipped/>
  </testcase> <!-- OrderHistoryTest -->
  <testcase classname="SupriyaBhosale.SeleniumProjectEcommerace.StandAloneTestDataProvider" name="StandAlone" time="0.0">
    <skipped/>
  </testcase> <!-- StandAlone -->
  <testcase classname="SupriyaBhosale.SeleniumProjectEcommerace.StandAloneTestDataProvider" name="StandAlone" time="0.0">
    <skipped/>
  </testcase> <!-- StandAlone -->
  <testcase classname="SupriyaBhosale.SeleniumProjectEcommerace.StandAloneTestDataProvider" name="OrderHistoryTest" time="0.0">
    <skipped/>
  </testcase> <!-- OrderHistoryTest -->
  <testcase classname="SupriyaBhosale.SeleniumProjectEcommerace.StandAloneTestHashmap" name="StandAlone" time="0.0">
    <skipped/>
  </testcase> <!-- StandAlone -->
  <testcase classname="SupriyaBhosale.SeleniumProjectEcommerace.StandAloneTestHashmap" name="OrderHistoryTest" time="0.0">
    <skipped/>
  </testcase> <!-- OrderHistoryTest -->
</testsuite> <!-- Test -->
